#
# A fatal error has been detected by the Java Runtime Environment:
#
#  Internal Error (classFileParser.cpp:3494), pid=5499, tid=140194963015424
#  Error: ShouldNotReachHere()
#
# JRE version: 6.0_24-b24
# Java VM: OpenJDK 64-Bit Server VM (20.0-b12 mixed mode linux-amd64 compressed oops)
# Derivative: IcedTea6 1.11.4
# Distribution: Debian GNU/Linux unstable (sid), package 6b24-1.11.4-3
# If you would like to submit a bug report, please include
# instructions how to reproduce the bug and visit:
#   http://icedtea.classpath.org/bugzilla
#

---------------  T H R E A D  ---------------

Current thread (0x0000000000ea3000):  JavaThread "Unknown thread" [_thread_in_vm, id=5504, stack(0x00007f81aee84000,0x00007f81aef85000)]

Stack: [0x00007f81aee84000,0x00007f81aef85000],  sp=0x00007f81aef83120,  free space=1020k
Native frames: (J=compiled Java code, j=interpreted, Vv=VM code, C=native code)
V  [libjvm.so+0x795815]  VMError::report(outputStream*)+0x1245
V  [libjvm.so+0x795a89]  VMError::report_and_die()+0x169
V  [libjvm.so+0x3c07ba]  report_vm_error(char const*, int, char const*, char const*)+0x4a
V  [libjvm.so+0x3554ca]  ClassFileParser::parseClassFile(symbolHandle, Handle, Handle, KlassHandle, GrowableArray<Handle>*, symbolHandle&, bool, Thread*)+0x13ba
V  [libjvm.so+0x35a895]  ClassLoader::load_classfile(symbolHandle, Thread*)+0x1e5
V  [libjvm.so+0x72fadb]  SystemDictionary::load_instance_class(symbolHandle, Handle, Thread*)+0x38b
V  [libjvm.so+0x72e389]  SystemDictionary::resolve_instance_class_or_null(symbolHandle, Handle, Handle, Thread*)+0x9e9
V  [libjvm.so+0x730163]  SystemDictionary::resolve_or_fail(symbolHandle, Handle, Handle, bool, Thread*)+0x33
V  [libjvm.so+0x730234]  SystemDictionary::resolve_or_fail(symbolHandle, bool, Thread*)+0x14
V  [libjvm.so+0x7302ed]  SystemDictionary::initialize_wk_klass(SystemDictionary::WKID, int, Thread*)+0xad
V  [libjvm.so+0x73035e]  SystemDictionary::initialize_wk_klasses_until(SystemDictionary::WKID, SystemDictionary::WKID&, Thread*)+0x5e
V  [libjvm.so+0x73044f]  SystemDictionary::initialize_preloaded_classes(Thread*)+0x6f
V  [libjvm.so+0x770fbf]  Universe::genesis(Thread*)+0x11f
V  [libjvm.so+0x7719cf]  universe2_init()+0x1f
V  [libjvm.so+0x480655]  init_globals()+0x95
V  [libjvm.so+0x75b45a]  Threads::create_vm(JavaVMInitArgs*, bool*)+0x1ea
V  [libjvm.so+0x4d8fed]  JNI_CreateJavaVM+0x5d
C  [java+0x34ed]  JavaMain+0x7d


---------------  P R O C E S S  ---------------

Java Threads: ( => current thread )

Other Threads:

=>0x0000000000ea3000 (exited) JavaThread "Unknown thread" [_thread_in_vm, id=5504, stack(0x00007f81aee84000,0x00007f81aef85000)]

VM state:not at safepoint (not fully initialized)

VM Mutex/Monitor currently owned by a thread: None

Dynamic libraries:
00400000-00409000 r-xp 00000000 08:01 132541                             /usr/lib/jvm/java-6-openjdk-amd64/jre/bin/java
00608000-00609000 rw-p 00008000 08:01 132541                             /usr/lib/jvm/java-6-openjdk-amd64/jre/bin/java
00e96000-00f29000 rw-p 00000000 00:00 0                                  [heap]
cc000000-cd4c0000 rw-p 00000000 00:00 0 
cd4c0000-d6600000 rw-p 00000000 00:00 0 
d6600000-d8040000 rw-p 00000000 00:00 0 
d8040000-f2200000 rw-p 00000000 00:00 0 
f2200000-f2f10000 rw-p 00000000 00:00 0 
f2f10000-100000000 rw-p 00000000 00:00 0 
7f81a8249000-7f81a830b000 r--s 010c7000 08:01 3939364                    /home/moody/android-sdks/platforms/android-16/android.jar
7f81a830b000-7f81a8333000 rw-p 00000000 00:00 0 
7f81a8333000-7f81a8334000 ---p 00000000 00:00 0 
7f81a8334000-7f81a8434000 rw-p 00000000 00:00 0 
7f81a8434000-7f81a8435000 ---p 00000000 00:00 0 
7f81a8435000-7f81a8540000 rw-p 00000000 00:00 0 
7f81a8540000-7f81a8588000 rw-p 00000000 00:00 0 
7f81a8588000-7f81a8596000 rw-p 00000000 00:00 0 
7f81a8596000-7f81a8666000 rw-p 00000000 00:00 0 
7f81a8666000-7f81a8671000 rw-p 00000000 00:00 0 
7f81a8671000-7f81a86b9000 rw-p 00000000 00:00 0 
7f81a86b9000-7f81a86c7000 rw-p 00000000 00:00 0 
7f81a86c7000-7f81a8797000 rw-p 00000000 00:00 0 
7f81a8797000-7f81a879e000 rw-p 00000000 00:00 0 
7f81a879e000-7f81a8806000 rw-p 00000000 00:00 0 
7f81a8806000-7f81a8807000 rw-p 00000000 00:00 0 
7f81a8807000-7f81a8a77000 rwxp 00000000 00:00 0 
7f81a8a77000-7f81ab807000 rw-p 00000000 00:00 0 
7f81ab807000-7f81ab80e000 r-xp 00000000 08:01 132567                     /usr/lib/jvm/java-6-openjdk-amd64/jre/lib/amd64/libzip.so
7f81ab80e000-7f81aba0d000 ---p 00007000 08:01 132567                     /usr/lib/jvm/java-6-openjdk-amd64/jre/lib/amd64/libzip.so
7f81aba0d000-7f81aba0e000 rw-p 00006000 08:01 132567                     /usr/lib/jvm/java-6-openjdk-amd64/jre/lib/amd64/libzip.so
7f81aba0e000-7f81aba19000 r-xp 00000000 08:01 3278075                    /lib/x86_64-linux-gnu/libnss_files-2.13.so
7f81aba19000-7f81abc18000 ---p 0000b000 08:01 3278075                    /lib/x86_64-linux-gnu/libnss_files-2.13.so
7f81abc18000-7f81abc19000 r--p 0000a000 08:01 3278075                    /lib/x86_64-linux-gnu/libnss_files-2.13.so
7f81abc19000-7f81abc1a000 rw-p 0000b000 08:01 3278075                    /lib/x86_64-linux-gnu/libnss_files-2.13.so
7f81abc1a000-7f81abc24000 r-xp 00000000 08:01 3278071                    /lib/x86_64-linux-gnu/libnss_nis-2.13.so
7f81abc24000-7f81abe23000 ---p 0000a000 08:01 3278071                    /lib/x86_64-linux-gnu/libnss_nis-2.13.so
7f81abe23000-7f81abe24000 r--p 00009000 08:01 3278071                    /lib/x86_64-linux-gnu/libnss_nis-2.13.so
7f81abe24000-7f81abe25000 rw-p 0000a000 08:01 3278071                    /lib/x86_64-linux-gnu/libnss_nis-2.13.so
7f81abe25000-7f81abe2c000 r-xp 00000000 08:01 3278064                    /lib/x86_64-linux-gnu/libnss_compat-2.13.so
7f81abe2c000-7f81ac02b000 ---p 00007000 08:01 3278064                    /lib/x86_64-linux-gnu/libnss_compat-2.13.so
7f81ac02b000-7f81ac02c000 r--p 00006000 08:01 3278064                    /lib/x86_64-linux-gnu/libnss_compat-2.13.so
7f81ac02c000-7f81ac02d000 rw-p 00007000 08:01 3278064                    /lib/x86_64-linux-gnu/libnss_compat-2.13.so
7f81ac02d000-7f81ac1a4000 r--p 00000000 08:01 131682                     /usr/lib/locale/locale-archive
7f81ac1a4000-7f81ac1a7000 r-xp 00000000 08:01 132572                     /usr/lib/jvm/java-6-openjdk-amd64/jre/lib/amd64/libnpt.so
7f81ac1a7000-7f81ac3a6000 ---p 00003000 08:01 132572                     /usr/lib/jvm/java-6-openjdk-amd64/jre/lib/amd64/libnpt.so
7f81ac3a6000-7f81ac3a7000 rw-p 00002000 08:01 132572                     /usr/lib/jvm/java-6-openjdk-amd64/jre/lib/amd64/libnpt.so
7f81ac3a7000-7f81ac3e1000 r-xp 00000000 08:01 132553                     /usr/lib/jvm/java-6-openjdk-amd64/jre/lib/amd64/libjdwp.so
7f81ac3e1000-7f81ac5e0000 ---p 0003a000 08:01 132553                     /usr/lib/jvm/java-6-openjdk-amd64/jre/lib/amd64/libjdwp.so
7f81ac5e0000-7f81ac5e1000 rw-p 00039000 08:01 132553                     /usr/lib/jvm/java-6-openjdk-amd64/jre/lib/amd64/libjdwp.so
7f81ac5e1000-7f81ac5e2000 rw-p 00000000 00:00 0 
7f81ac5e2000-7f81ac5f7000 r-xp 00000000 08:01 3278069                    /lib/x86_64-linux-gnu/libnsl-2.13.so
7f81ac5f7000-7f81ac7f6000 ---p 00015000 08:01 3278069                    /lib/x86_64-linux-gnu/libnsl-2.13.so
7f81ac7f6000-7f81ac7f7000 r--p 00014000 08:01 3278069                    /lib/x86_64-linux-gnu/libnsl-2.13.so
7f81ac7f7000-7f81ac7f8000 rw-p 00015000 08:01 3278069                    /lib/x86_64-linux-gnu/libnsl-2.13.so
7f81ac7f8000-7f81ac7fa000 rw-p 00000000 00:00 0 
7f81ac7fa000-7f81ac828000 r-xp 00000000 08:01 132566                     /usr/lib/jvm/java-6-openjdk-amd64/jre/lib/amd64/libjava.so
7f81ac828000-7f81aca27000 ---p 0002e000 08:01 132566                     /usr/lib/jvm/java-6-openjdk-amd64/jre/lib/amd64/libjava.so
7f81aca27000-7f81aca2b000 rw-p 0002d000 08:01 132566                     /usr/lib/jvm/java-6-openjdk-amd64/jre/lib/amd64/libjava.so
7f81aca2b000-7f81aca3a000 r-xp 00000000 08:01 132570                     /usr/lib/jvm/java-6-openjdk-amd64/jre/lib/amd64/libverify.so
7f81aca3a000-7f81acc39000 ---p 0000f000 08:01 132570                     /usr/lib/jvm/java-6-openjdk-amd64/jre/lib/amd64/libverify.so
7f81acc39000-7f81acc3b000 rw-p 0000e000 08:01 132570                     /usr/lib/jvm/java-6-openjdk-amd64/jre/lib/amd64/libverify.so
7f81acc3b000-7f81acc42000 r-xp 00000000 08:01 3278079                    /lib/x86_64-linux-gnu/librt-2.13.so
7f81acc42000-7f81ace41000 ---p 00007000 08:01 3278079                    /lib/x86_64-linux-gnu/librt-2.13.so
7f81ace41000-7f81ace42000 r--p 00006000 08:01 3278079                    /lib/x86_64-linux-gnu/librt-2.13.so
7f81ace42000-7f81ace43000 rw-p 00007000 08:01 3278079                    /lib/x86_64-linux-gnu/librt-2.13.so
7f81ace43000-7f81ace58000 r-xp 00000000 08:01 3277063                    /lib/x86_64-linux-gnu/libgcc_s.so.1
7f81ace58000-7f81ad058000 ---p 00015000 08:01 3277063                    /lib/x86_64-linux-gnu/libgcc_s.so.1
7f81ad058000-7f81ad059000 rw-p 00015000 08:01 3277063                    /lib/x86_64-linux-gnu/libgcc_s.so.1
7f81ad059000-7f81ad0da000 r-xp 00000000 08:01 3278066                    /lib/x86_64-linux-gnu/libm-2.13.so
7f81ad0da000-7f81ad2d9000 ---p 00081000 08:01 3278066                    /lib/x86_64-linux-gnu/libm-2.13.so
7f81ad2d9000-7f81ad2da000 r--p 00080000 08:01 3278066                    /lib/x86_64-linux-gnu/libm-2.13.so
7f81ad2da000-7f81ad2db000 rw-p 00081000 08:01 3278066                    /lib/x86_64-linux-gnu/libm-2.13.so
7f81ad2db000-7f81ad3c3000 r-xp 00000000 08:01 266760                     /usr/lib/x86_64-linux-gnu/libstdc++.so.6.0.17
7f81ad3c3000-7f81ad5c3000 ---p 000e8000 08:01 266760                     /usr/lib/x86_64-linux-gnu/libstdc++.so.6.0.17
7f81ad5c3000-7f81ad5cb000 r--p 000e8000 08:01 266760                     /usr/lib/x86_64-linux-gnu/libstdc++.so.6.0.17
7f81ad5cb000-7f81ad5cd000 rw-p 000f0000 08:01 266760                     /usr/lib/x86_64-linux-gnu/libstdc++.so.6.0.17
7f81ad5cd000-7f81ad5e2000 rw-p 00000000 00:00 0 
7f81ad5e2000-7f81adeff000 r-xp 00000000 08:01 132562                     /usr/lib/jvm/java-6-openjdk-amd64/jre/lib/amd64/server/libjvm.so
7f81adeff000-7f81ae0ff000 ---p 0091d000 08:01 132562                     /usr/lib/jvm/java-6-openjdk-amd64/jre/lib/amd64/server/libjvm.so
7f81ae0ff000-7f81ae19a000 rw-p 0091d000 08:01 132562                     /usr/lib/jvm/java-6-openjdk-amd64/jre/lib/amd64/server/libjvm.so
7f81ae19a000-7f81ae1c3000 rw-p 00000000 00:00 0 
7f81ae1c3000-7f81ae340000 r-xp 00000000 08:01 3278059                    /lib/x86_64-linux-gnu/libc-2.13.so
7f81ae340000-7f81ae540000 ---p 0017d000 08:01 3278059                    /lib/x86_64-linux-gnu/libc-2.13.so
7f81ae540000-7f81ae544000 r--p 0017d000 08:01 3278059                    /lib/x86_64-linux-gnu/libc-2.13.so
7f81ae544000-7f81ae545000 rw-p 00181000 08:01 3278059                    /lib/x86_64-linux-gnu/libc-2.13.so
7f81ae545000-7f81ae54a000 rw-p 00000000 00:00 0 
7f81ae54a000-7f81ae54c000 r-xp 00000000 08:01 3278073                    /lib/x86_64-linux-gnu/libdl-2.13.so
7f81ae54c000-7f81ae74c000 ---p 00002000 08:01 3278073                    /lib/x86_64-linux-gnu/libdl-2.13.so
7f81ae74c000-7f81ae74d000 r--p 00002000 08:01 3278073                    /lib/x86_64-linux-gnu/libdl-2.13.so
7f81ae74d000-7f81ae74e000 rw-p 00003000 08:01 3278073                    /lib/x86_64-linux-gnu/libdl-2.13.so
7f81ae74e000-7f81ae752000 r-xp 00000000 08:01 132575                     /usr/lib/jvm/java-6-openjdk-amd64/jre/lib/amd64/jli/libjli.so
7f81ae752000-7f81ae951000 ---p 00004000 08:01 132575                     /usr/lib/jvm/java-6-openjdk-amd64/jre/lib/amd64/jli/libjli.so
7f81ae951000-7f81ae952000 rw-p 00003000 08:01 132575                     /usr/lib/jvm/java-6-openjdk-amd64/jre/lib/amd64/jli/libjli.so
7f81ae952000-7f81ae969000 r-xp 00000000 08:01 3278077                    /lib/x86_64-linux-gnu/libpthread-2.13.so
7f81ae969000-7f81aeb68000 ---p 00017000 08:01 3278077                    /lib/x86_64-linux-gnu/libpthread-2.13.so
7f81aeb68000-7f81aeb69000 r--p 00016000 08:01 3278077                    /lib/x86_64-linux-gnu/libpthread-2.13.so
7f81aeb69000-7f81aeb6a000 rw-p 00017000 08:01 3278077                    /lib/x86_64-linux-gnu/libpthread-2.13.so
7f81aeb6a000-7f81aeb6e000 rw-p 00000000 00:00 0 
7f81aeb6e000-7f81aeb84000 r-xp 00000000 08:01 3277915                    /lib/x86_64-linux-gnu/libz.so.1.2.7
7f81aeb84000-7f81aed83000 ---p 00016000 08:01 3277915                    /lib/x86_64-linux-gnu/libz.so.1.2.7
7f81aed83000-7f81aed84000 r--p 00015000 08:01 3277915                    /lib/x86_64-linux-gnu/libz.so.1.2.7
7f81aed84000-7f81aed85000 rw-p 00016000 08:01 3277915                    /lib/x86_64-linux-gnu/libz.so.1.2.7
7f81aed85000-7f81aeda5000 r-xp 00000000 08:01 3278081                    /lib/x86_64-linux-gnu/ld-2.13.so
7f81aedc4000-7f81aedce000 rw-p 00000000 00:00 0 
7f81aedce000-7f81aee84000 rw-p 00000000 00:00 0 
7f81aee84000-7f81aee87000 ---p 00000000 00:00 0 
7f81aee87000-7f81aef8a000 rw-p 00000000 00:00 0 
7f81aef98000-7f81aefa0000 rw-s 00000000 08:01 5242947                    /tmp/hsperfdata_moody/5499
7f81aefa0000-7f81aefa1000 rw-p 00000000 00:00 0 
7f81aefa1000-7f81aefa2000 r--p 00000000 00:00 0 
7f81aefa2000-7f81aefa4000 rw-p 00000000 00:00 0 
7f81aefa4000-7f81aefa5000 r--p 0001f000 08:01 3278081                    /lib/x86_64-linux-gnu/ld-2.13.so
7f81aefa5000-7f81aefa6000 rw-p 00020000 08:01 3278081                    /lib/x86_64-linux-gnu/ld-2.13.so
7f81aefa6000-7f81aefa7000 rw-p 00000000 00:00 0 
7fff23ff9000-7fff2401a000 rw-p 00000000 00:00 0                          [stack]
7fff24154000-7fff24155000 r-xp 00000000 00:00 0                          [vdso]
ffffffffff600000-ffffffffff601000 r-xp 00000000 00:00 0                  [vsyscall]

VM Arguments:
jvm_args: -agentlib:jdwp=transport=dt_socket,suspend=y,address=localhost:55222 -Dfile.encoding=UTF-8 -Xbootclasspath:/home/moody/android-sdks/platforms/android-16/android.jar 
java_command: Test
Launcher Type: SUN_STANDARD

Environment Variables:
PATH=/home/moody/bin:/usr/sbin:/sbin:/usr/local/bin:/usr/bin:/bin:/usr/local/games:/usr/games
LD_LIBRARY_PATH=/usr/lib/jvm/java-6-openjdk-amd64/jre/lib/amd64/server:/usr/lib/jvm/java-6-openjdk-amd64/jre/lib/amd64:/usr/lib/jvm/java-6-openjdk-amd64/jre/../lib/amd64
SHELL=/bin/bash
DISPLAY=:0.0

Signal Handlers:
SIGSEGV: [libjvm.so+0x7964e0], sa_mask[0]=0x7ffbfeff, sa_flags=0x10000004
SIGBUS: [libjvm.so+0x7964e0], sa_mask[0]=0x7ffbfeff, sa_flags=0x10000004
SIGFPE: [libjvm.so+0x65e520], sa_mask[0]=0x7ffbfeff, sa_flags=0x10000004
SIGPIPE: [libjvm.so+0x65e520], sa_mask[0]=0x7ffbfeff, sa_flags=0x10000004
SIGXFSZ: [libjvm.so+0x65e520], sa_mask[0]=0x7ffbfeff, sa_flags=0x10000004
SIGILL: [libjvm.so+0x65e520], sa_mask[0]=0x7ffbfeff, sa_flags=0x10000004
SIGUSR1: SIG_DFL, sa_mask[0]=0x00000000, sa_flags=0x00000000
SIGUSR2: [libjvm.so+0x65e6c0], sa_mask[0]=0x00000004, sa_flags=0x10000004
SIGHUP: SIG_DFL, sa_mask[0]=0x00000000, sa_flags=0x00000000
SIGINT: SIG_DFL, sa_mask[0]=0x00000000, sa_flags=0x00000000
SIGTERM: SIG_DFL, sa_mask[0]=0x00000000, sa_flags=0x00000000
SIGQUIT: SIG_DFL, sa_mask[0]=0x00000000, sa_flags=0x00000000


---------------  S Y S T E M  ---------------

OS:wheezy/sid

uname:Linux 3.2.0-3-amd64 #1 SMP Mon Jul 23 02:45:17 UTC 2012 x86_64
libc:glibc 2.13 NPTL 2.13 
rlimit: STACK 8192k, CORE 0k, NPROC 20025, NOFILE 4096, AS infinity
load average:0.47 0.65 1.10

/proc/meminfo:
MemTotal:        2575604 kB
MemFree:          108148 kB
Buffers:           55012 kB
Cached:           726816 kB
SwapCached:            0 kB
Active:          1694268 kB
Inactive:         647632 kB
Active(anon):    1451188 kB
Inactive(anon):   118328 kB
Active(file):     243080 kB
Inactive(file):   529304 kB
Unevictable:           0 kB
Mlocked:               0 kB
SwapTotal:       5028860 kB
SwapFree:        5028860 kB
Dirty:                60 kB
Writeback:             0 kB
AnonPages:       1560040 kB
Mapped:           150348 kB
Shmem:              9444 kB
Slab:              66040 kB
SReclaimable:      39520 kB
SUnreclaim:        26520 kB
KernelStack:        2840 kB
PageTables:        26492 kB
NFS_Unstable:          0 kB
Bounce:                0 kB
WritebackTmp:          0 kB
CommitLimit:     6316660 kB
Committed_AS:    2713060 kB
VmallocTotal:   34359738367 kB
VmallocUsed:      291000 kB
VmallocChunk:   34359444524 kB
HardwareCorrupted:     0 kB
AnonHugePages:         0 kB
HugePages_Total:       0
HugePages_Free:        0
HugePages_Rsvd:        0
HugePages_Surp:        0
Hugepagesize:       2048 kB
DirectMap4k:       49728 kB
DirectMap2M:     2570240 kB


CPU:total 2 (2 cores per cpu, 1 threads per core) family 6 model 23 stepping 10, cmov, cx8, fxsr, mmx, sse, sse2, sse3, ssse3

Memory: 4k page, physical 2575604k(108148k free), swap 5028860k(5028860k free)

vm_info: OpenJDK 64-Bit Server VM (20.0-b12) for linux-amd64 JRE (1.6.0_24-b24), built on Sep  2 2012 18:11:06 by "doko" with gcc 4.7.1

time: Sat Dec 15 14:54:06 2012
elapsed time: 0 seconds

