#
# A fatal error has been detected by the Java Runtime Environment:
#
#  Internal Error (classFileParser.cpp:3494), pid=5478, tid=140154089686784
#  Error: ShouldNotReachHere()
#
# JRE version: 6.0_24-b24
# Java VM: OpenJDK 64-Bit Server VM (20.0-b12 mixed mode linux-amd64 compressed oops)
# Derivative: IcedTea6 1.11.4
# Distribution: Debian GNU/Linux unstable (sid), package 6b24-1.11.4-3
# If you would like to submit a bug report, please include
# instructions how to reproduce the bug and visit:
#   http://icedtea.classpath.org/bugzilla
#

---------------  T H R E A D  ---------------

Current thread (0x0000000000ce5000):  JavaThread "Unknown thread" [_thread_in_vm, id=5483, stack(0x00007f782aaac000,0x00007f782abad000)]

Stack: [0x00007f782aaac000,0x00007f782abad000],  sp=0x00007f782abab120,  free space=1020k
Native frames: (J=compiled Java code, j=interpreted, Vv=VM code, C=native code)
V  [libjvm.so+0x795815]  VMError::report(outputStream*)+0x1245
V  [libjvm.so+0x795a89]  VMError::report_and_die()+0x169
V  [libjvm.so+0x3c07ba]  report_vm_error(char const*, int, char const*, char const*)+0x4a
V  [libjvm.so+0x3554ca]  ClassFileParser::parseClassFile(symbolHandle, Handle, Handle, KlassHandle, GrowableArray<Handle>*, symbolHandle&, bool, Thread*)+0x13ba
V  [libjvm.so+0x35a895]  ClassLoader::load_classfile(symbolHandle, Thread*)+0x1e5
V  [libjvm.so+0x72fadb]  SystemDictionary::load_instance_class(symbolHandle, Handle, Thread*)+0x38b
V  [libjvm.so+0x72e389]  SystemDictionary::resolve_instance_class_or_null(symbolHandle, Handle, Handle, Thread*)+0x9e9
V  [libjvm.so+0x730163]  SystemDictionary::resolve_or_fail(symbolHandle, Handle, Handle, bool, Thread*)+0x33
V  [libjvm.so+0x730234]  SystemDictionary::resolve_or_fail(symbolHandle, bool, Thread*)+0x14
V  [libjvm.so+0x7302ed]  SystemDictionary::initialize_wk_klass(SystemDictionary::WKID, int, Thread*)+0xad
V  [libjvm.so+0x73035e]  SystemDictionary::initialize_wk_klasses_until(SystemDictionary::WKID, SystemDictionary::WKID&, Thread*)+0x5e
V  [libjvm.so+0x73044f]  SystemDictionary::initialize_preloaded_classes(Thread*)+0x6f
V  [libjvm.so+0x770fbf]  Universe::genesis(Thread*)+0x11f
V  [libjvm.so+0x7719cf]  universe2_init()+0x1f
V  [libjvm.so+0x480655]  init_globals()+0x95
V  [libjvm.so+0x75b45a]  Threads::create_vm(JavaVMInitArgs*, bool*)+0x1ea
V  [libjvm.so+0x4d8fed]  JNI_CreateJavaVM+0x5d
C  [java+0x34ed]  JavaMain+0x7d


---------------  P R O C E S S  ---------------

Java Threads: ( => current thread )

Other Threads:

=>0x0000000000ce5000 (exited) JavaThread "Unknown thread" [_thread_in_vm, id=5483, stack(0x00007f782aaac000,0x00007f782abad000)]

VM state:not at safepoint (not fully initialized)

VM Mutex/Monitor currently owned by a thread: None

Dynamic libraries:
00400000-00409000 r-xp 00000000 08:01 132541                             /usr/lib/jvm/java-6-openjdk-amd64/jre/bin/java
00608000-00609000 rw-p 00008000 08:01 132541                             /usr/lib/jvm/java-6-openjdk-amd64/jre/bin/java
00cd8000-00d6b000 rw-p 00000000 00:00 0                                  [heap]
cc000000-cd4c0000 rw-p 00000000 00:00 0 
cd4c0000-d6600000 rw-p 00000000 00:00 0 
d6600000-d8040000 rw-p 00000000 00:00 0 
d8040000-f2200000 rw-p 00000000 00:00 0 
f2200000-f2f10000 rw-p 00000000 00:00 0 
f2f10000-100000000 rw-p 00000000 00:00 0 
7f781c000000-7f781c021000 rw-p 00000000 00:00 0 
7f781c021000-7f7820000000 ---p 00000000 00:00 0 
7f7823e71000-7f7823f33000 r--s 010c7000 08:01 3939364                    /home/moody/android-sdks/platforms/android-16/android.jar
7f7823f33000-7f7823f5b000 rw-p 00000000 00:00 0 
7f7823f5b000-7f7823f5c000 ---p 00000000 00:00 0 
7f7823f5c000-7f782405c000 rw-p 00000000 00:00 0 
7f782405c000-7f782405d000 ---p 00000000 00:00 0 
7f782405d000-7f7824168000 rw-p 00000000 00:00 0 
7f7824168000-7f78241b0000 rw-p 00000000 00:00 0 
7f78241b0000-7f78241be000 rw-p 00000000 00:00 0 
7f78241be000-7f782428e000 rw-p 00000000 00:00 0 
7f782428e000-7f7824299000 rw-p 00000000 00:00 0 
7f7824299000-7f78242e1000 rw-p 00000000 00:00 0 
7f78242e1000-7f78242ef000 rw-p 00000000 00:00 0 
7f78242ef000-7f78243bf000 rw-p 00000000 00:00 0 
7f78243bf000-7f78243c6000 rw-p 00000000 00:00 0 
7f78243c6000-7f782442e000 rw-p 00000000 00:00 0 
7f782442e000-7f782442f000 rw-p 00000000 00:00 0 
7f782442f000-7f782469f000 rwxp 00000000 00:00 0 
7f782469f000-7f782742f000 rw-p 00000000 00:00 0 
7f782742f000-7f7827436000 r-xp 00000000 08:01 132567                     /usr/lib/jvm/java-6-openjdk-amd64/jre/lib/amd64/libzip.so
7f7827436000-7f7827635000 ---p 00007000 08:01 132567                     /usr/lib/jvm/java-6-openjdk-amd64/jre/lib/amd64/libzip.so
7f7827635000-7f7827636000 rw-p 00006000 08:01 132567                     /usr/lib/jvm/java-6-openjdk-amd64/jre/lib/amd64/libzip.so
7f7827636000-7f7827641000 r-xp 00000000 08:01 3278075                    /lib/x86_64-linux-gnu/libnss_files-2.13.so
7f7827641000-7f7827840000 ---p 0000b000 08:01 3278075                    /lib/x86_64-linux-gnu/libnss_files-2.13.so
7f7827840000-7f7827841000 r--p 0000a000 08:01 3278075                    /lib/x86_64-linux-gnu/libnss_files-2.13.so
7f7827841000-7f7827842000 rw-p 0000b000 08:01 3278075                    /lib/x86_64-linux-gnu/libnss_files-2.13.so
7f7827842000-7f782784c000 r-xp 00000000 08:01 3278071                    /lib/x86_64-linux-gnu/libnss_nis-2.13.so
7f782784c000-7f7827a4b000 ---p 0000a000 08:01 3278071                    /lib/x86_64-linux-gnu/libnss_nis-2.13.so
7f7827a4b000-7f7827a4c000 r--p 00009000 08:01 3278071                    /lib/x86_64-linux-gnu/libnss_nis-2.13.so
7f7827a4c000-7f7827a4d000 rw-p 0000a000 08:01 3278071                    /lib/x86_64-linux-gnu/libnss_nis-2.13.so
7f7827a4d000-7f7827a54000 r-xp 00000000 08:01 3278064                    /lib/x86_64-linux-gnu/libnss_compat-2.13.so
7f7827a54000-7f7827c53000 ---p 00007000 08:01 3278064                    /lib/x86_64-linux-gnu/libnss_compat-2.13.so
7f7827c53000-7f7827c54000 r--p 00006000 08:01 3278064                    /lib/x86_64-linux-gnu/libnss_compat-2.13.so
7f7827c54000-7f7827c55000 rw-p 00007000 08:01 3278064                    /lib/x86_64-linux-gnu/libnss_compat-2.13.so
7f7827c55000-7f7827dcc000 r--p 00000000 08:01 131682                     /usr/lib/locale/locale-archive
7f7827dcc000-7f7827dcf000 r-xp 00000000 08:01 132572                     /usr/lib/jvm/java-6-openjdk-amd64/jre/lib/amd64/libnpt.so
7f7827dcf000-7f7827fce000 ---p 00003000 08:01 132572                     /usr/lib/jvm/java-6-openjdk-amd64/jre/lib/amd64/libnpt.so
7f7827fce000-7f7827fcf000 rw-p 00002000 08:01 132572                     /usr/lib/jvm/java-6-openjdk-amd64/jre/lib/amd64/libnpt.so
7f7827fcf000-7f7828009000 r-xp 00000000 08:01 132553                     /usr/lib/jvm/java-6-openjdk-amd64/jre/lib/amd64/libjdwp.so
7f7828009000-7f7828208000 ---p 0003a000 08:01 132553                     /usr/lib/jvm/java-6-openjdk-amd64/jre/lib/amd64/libjdwp.so
7f7828208000-7f7828209000 rw-p 00039000 08:01 132553                     /usr/lib/jvm/java-6-openjdk-amd64/jre/lib/amd64/libjdwp.so
7f7828209000-7f782820a000 rw-p 00000000 00:00 0 
7f782820a000-7f782821f000 r-xp 00000000 08:01 3278069                    /lib/x86_64-linux-gnu/libnsl-2.13.so
7f782821f000-7f782841e000 ---p 00015000 08:01 3278069                    /lib/x86_64-linux-gnu/libnsl-2.13.so
7f782841e000-7f782841f000 r--p 00014000 08:01 3278069                    /lib/x86_64-linux-gnu/libnsl-2.13.so
7f782841f000-7f7828420000 rw-p 00015000 08:01 3278069                    /lib/x86_64-linux-gnu/libnsl-2.13.so
7f7828420000-7f7828422000 rw-p 00000000 00:00 0 
7f7828422000-7f7828450000 r-xp 00000000 08:01 132566                     /usr/lib/jvm/java-6-openjdk-amd64/jre/lib/amd64/libjava.so
7f7828450000-7f782864f000 ---p 0002e000 08:01 132566                     /usr/lib/jvm/java-6-openjdk-amd64/jre/lib/amd64/libjava.so
7f782864f000-7f7828653000 rw-p 0002d000 08:01 132566                     /usr/lib/jvm/java-6-openjdk-amd64/jre/lib/amd64/libjava.so
7f7828653000-7f7828662000 r-xp 00000000 08:01 132570                     /usr/lib/jvm/java-6-openjdk-amd64/jre/lib/amd64/libverify.so
7f7828662000-7f7828861000 ---p 0000f000 08:01 132570                     /usr/lib/jvm/java-6-openjdk-amd64/jre/lib/amd64/libverify.so
7f7828861000-7f7828863000 rw-p 0000e000 08:01 132570                     /usr/lib/jvm/java-6-openjdk-amd64/jre/lib/amd64/libverify.so
7f7828863000-7f782886a000 r-xp 00000000 08:01 3278079                    /lib/x86_64-linux-gnu/librt-2.13.so
7f782886a000-7f7828a69000 ---p 00007000 08:01 3278079                    /lib/x86_64-linux-gnu/librt-2.13.so
7f7828a69000-7f7828a6a000 r--p 00006000 08:01 3278079                    /lib/x86_64-linux-gnu/librt-2.13.so
7f7828a6a000-7f7828a6b000 rw-p 00007000 08:01 3278079                    /lib/x86_64-linux-gnu/librt-2.13.so
7f7828a6b000-7f7828a80000 r-xp 00000000 08:01 3277063                    /lib/x86_64-linux-gnu/libgcc_s.so.1
7f7828a80000-7f7828c80000 ---p 00015000 08:01 3277063                    /lib/x86_64-linux-gnu/libgcc_s.so.1
7f7828c80000-7f7828c81000 rw-p 00015000 08:01 3277063                    /lib/x86_64-linux-gnu/libgcc_s.so.1
7f7828c81000-7f7828d02000 r-xp 00000000 08:01 3278066                    /lib/x86_64-linux-gnu/libm-2.13.so
7f7828d02000-7f7828f01000 ---p 00081000 08:01 3278066                    /lib/x86_64-linux-gnu/libm-2.13.so
7f7828f01000-7f7828f02000 r--p 00080000 08:01 3278066                    /lib/x86_64-linux-gnu/libm-2.13.so
7f7828f02000-7f7828f03000 rw-p 00081000 08:01 3278066                    /lib/x86_64-linux-gnu/libm-2.13.so
7f7828f03000-7f7828feb000 r-xp 00000000 08:01 266760                     /usr/lib/x86_64-linux-gnu/libstdc++.so.6.0.17
7f7828feb000-7f78291eb000 ---p 000e8000 08:01 266760                     /usr/lib/x86_64-linux-gnu/libstdc++.so.6.0.17
7f78291eb000-7f78291f3000 r--p 000e8000 08:01 266760                     /usr/lib/x86_64-linux-gnu/libstdc++.so.6.0.17
7f78291f3000-7f78291f5000 rw-p 000f0000 08:01 266760                     /usr/lib/x86_64-linux-gnu/libstdc++.so.6.0.17
7f78291f5000-7f782920a000 rw-p 00000000 00:00 0 
7f782920a000-7f7829b27000 r-xp 00000000 08:01 132562                     /usr/lib/jvm/java-6-openjdk-amd64/jre/lib/amd64/server/libjvm.so
7f7829b27000-7f7829d27000 ---p 0091d000 08:01 132562                     /usr/lib/jvm/java-6-openjdk-amd64/jre/lib/amd64/server/libjvm.so
7f7829d27000-7f7829dc2000 rw-p 0091d000 08:01 132562                     /usr/lib/jvm/java-6-openjdk-amd64/jre/lib/amd64/server/libjvm.so
7f7829dc2000-7f7829deb000 rw-p 00000000 00:00 0 
7f7829deb000-7f7829f68000 r-xp 00000000 08:01 3278059                    /lib/x86_64-linux-gnu/libc-2.13.so
7f7829f68000-7f782a168000 ---p 0017d000 08:01 3278059                    /lib/x86_64-linux-gnu/libc-2.13.so
7f782a168000-7f782a16c000 r--p 0017d000 08:01 3278059                    /lib/x86_64-linux-gnu/libc-2.13.so
7f782a16c000-7f782a16d000 rw-p 00181000 08:01 3278059                    /lib/x86_64-linux-gnu/libc-2.13.so
7f782a16d000-7f782a172000 rw-p 00000000 00:00 0 
7f782a172000-7f782a174000 r-xp 00000000 08:01 3278073                    /lib/x86_64-linux-gnu/libdl-2.13.so
7f782a174000-7f782a374000 ---p 00002000 08:01 3278073                    /lib/x86_64-linux-gnu/libdl-2.13.so
7f782a374000-7f782a375000 r--p 00002000 08:01 3278073                    /lib/x86_64-linux-gnu/libdl-2.13.so
7f782a375000-7f782a376000 rw-p 00003000 08:01 3278073                    /lib/x86_64-linux-gnu/libdl-2.13.so
7f782a376000-7f782a37a000 r-xp 00000000 08:01 132575                     /usr/lib/jvm/java-6-openjdk-amd64/jre/lib/amd64/jli/libjli.so
7f782a37a000-7f782a579000 ---p 00004000 08:01 132575                     /usr/lib/jvm/java-6-openjdk-amd64/jre/lib/amd64/jli/libjli.so
7f782a579000-7f782a57a000 rw-p 00003000 08:01 132575                     /usr/lib/jvm/java-6-openjdk-amd64/jre/lib/amd64/jli/libjli.so
7f782a57a000-7f782a591000 r-xp 00000000 08:01 3278077                    /lib/x86_64-linux-gnu/libpthread-2.13.so
7f782a591000-7f782a790000 ---p 00017000 08:01 3278077                    /lib/x86_64-linux-gnu/libpthread-2.13.so
7f782a790000-7f782a791000 r--p 00016000 08:01 3278077                    /lib/x86_64-linux-gnu/libpthread-2.13.so
7f782a791000-7f782a792000 rw-p 00017000 08:01 3278077                    /lib/x86_64-linux-gnu/libpthread-2.13.so
7f782a792000-7f782a796000 rw-p 00000000 00:00 0 
7f782a796000-7f782a7ac000 r-xp 00000000 08:01 3277915                    /lib/x86_64-linux-gnu/libz.so.1.2.7
7f782a7ac000-7f782a9ab000 ---p 00016000 08:01 3277915                    /lib/x86_64-linux-gnu/libz.so.1.2.7
7f782a9ab000-7f782a9ac000 r--p 00015000 08:01 3277915                    /lib/x86_64-linux-gnu/libz.so.1.2.7
7f782a9ac000-7f782a9ad000 rw-p 00016000 08:01 3277915                    /lib/x86_64-linux-gnu/libz.so.1.2.7
7f782a9ad000-7f782a9cd000 r-xp 00000000 08:01 3278081                    /lib/x86_64-linux-gnu/ld-2.13.so
7f782a9ec000-7f782a9f6000 rw-p 00000000 00:00 0 
7f782a9f6000-7f782aaac000 rw-p 00000000 00:00 0 
7f782aaac000-7f782aaaf000 ---p 00000000 00:00 0 
7f782aaaf000-7f782abb2000 rw-p 00000000 00:00 0 
7f782abc0000-7f782abc8000 rw-s 00000000 08:01 5242947                    /tmp/hsperfdata_moody/5478
7f782abc8000-7f782abc9000 rw-p 00000000 00:00 0 
7f782abc9000-7f782abca000 r--p 00000000 00:00 0 
7f782abca000-7f782abcc000 rw-p 00000000 00:00 0 
7f782abcc000-7f782abcd000 r--p 0001f000 08:01 3278081                    /lib/x86_64-linux-gnu/ld-2.13.so
7f782abcd000-7f782abce000 rw-p 00020000 08:01 3278081                    /lib/x86_64-linux-gnu/ld-2.13.so
7f782abce000-7f782abcf000 rw-p 00000000 00:00 0 
7fffb962f000-7fffb9650000 rw-p 00000000 00:00 0                          [stack]
7fffb9671000-7fffb9672000 r-xp 00000000 00:00 0                          [vdso]
ffffffffff600000-ffffffffff601000 r-xp 00000000 00:00 0                  [vsyscall]

VM Arguments:
jvm_args: -agentlib:jdwp=transport=dt_socket,suspend=y,address=localhost:36183 -Dfile.encoding=UTF-8 -Xbootclasspath:/home/moody/android-sdks/platforms/android-16/android.jar 
java_command: Test
Launcher Type: SUN_STANDARD

Environment Variables:
PATH=/home/moody/bin:/usr/sbin:/sbin:/usr/local/bin:/usr/bin:/bin:/usr/local/games:/usr/games
LD_LIBRARY_PATH=/usr/lib/jvm/java-6-openjdk-amd64/jre/lib/amd64/server:/usr/lib/jvm/java-6-openjdk-amd64/jre/lib/amd64:/usr/lib/jvm/java-6-openjdk-amd64/jre/../lib/amd64
SHELL=/bin/bash
DISPLAY=:0.0

Signal Handlers:
SIGSEGV: [libjvm.so+0x7964e0], sa_mask[0]=0x7ffbfeff, sa_flags=0x10000004
SIGBUS: [libjvm.so+0x7964e0], sa_mask[0]=0x7ffbfeff, sa_flags=0x10000004
SIGFPE: [libjvm.so+0x65e520], sa_mask[0]=0x7ffbfeff, sa_flags=0x10000004
SIGPIPE: [libjvm.so+0x65e520], sa_mask[0]=0x7ffbfeff, sa_flags=0x10000004
SIGXFSZ: [libjvm.so+0x65e520], sa_mask[0]=0x7ffbfeff, sa_flags=0x10000004
SIGILL: [libjvm.so+0x65e520], sa_mask[0]=0x7ffbfeff, sa_flags=0x10000004
SIGUSR1: SIG_DFL, sa_mask[0]=0x00000000, sa_flags=0x00000000
SIGUSR2: [libjvm.so+0x65e6c0], sa_mask[0]=0x00000004, sa_flags=0x10000004
SIGHUP: SIG_DFL, sa_mask[0]=0x00000000, sa_flags=0x00000000
SIGINT: SIG_DFL, sa_mask[0]=0x00000000, sa_flags=0x00000000
SIGTERM: SIG_DFL, sa_mask[0]=0x00000000, sa_flags=0x00000000
SIGQUIT: SIG_DFL, sa_mask[0]=0x00000000, sa_flags=0x00000000


---------------  S Y S T E M  ---------------

OS:wheezy/sid

uname:Linux 3.2.0-3-amd64 #1 SMP Mon Jul 23 02:45:17 UTC 2012 x86_64
libc:glibc 2.13 NPTL 2.13 
rlimit: STACK 8192k, CORE 0k, NPROC 20025, NOFILE 4096, AS infinity
load average:0.50 0.67 1.12

/proc/meminfo:
MemTotal:        2575604 kB
MemFree:          109168 kB
Buffers:           54988 kB
Cached:           726380 kB
SwapCached:            0 kB
Active:          1688216 kB
Inactive:         652776 kB
Active(anon):    1450856 kB
Inactive(anon):   118328 kB
Active(file):     237360 kB
Inactive(file):   534448 kB
Unevictable:           0 kB
Mlocked:               0 kB
SwapTotal:       5028860 kB
SwapFree:        5028860 kB
Dirty:                36 kB
Writeback:             0 kB
AnonPages:       1559752 kB
Mapped:           150320 kB
Shmem:              9444 kB
Slab:              66216 kB
SReclaimable:      39556 kB
SUnreclaim:        26660 kB
KernelStack:        2856 kB
PageTables:        26432 kB
NFS_Unstable:          0 kB
Bounce:                0 kB
WritebackTmp:          0 kB
CommitLimit:     6316660 kB
Committed_AS:    2710828 kB
VmallocTotal:   34359738367 kB
VmallocUsed:      291000 kB
VmallocChunk:   34359444524 kB
HardwareCorrupted:     0 kB
AnonHugePages:         0 kB
HugePages_Total:       0
HugePages_Free:        0
HugePages_Rsvd:        0
HugePages_Surp:        0
Hugepagesize:       2048 kB
DirectMap4k:       49728 kB
DirectMap2M:     2570240 kB


CPU:total 2 (2 cores per cpu, 1 threads per core) family 6 model 23 stepping 10, cmov, cx8, fxsr, mmx, sse, sse2, sse3, ssse3

Memory: 4k page, physical 2575604k(109168k free), swap 5028860k(5028860k free)

vm_info: OpenJDK 64-Bit Server VM (20.0-b12) for linux-amd64 JRE (1.6.0_24-b24), built on Sep  2 2012 18:11:06 by "doko" with gcc 4.7.1

time: Sat Dec 15 14:53:34 2012
elapsed time: 0 seconds

